<?xml version="1.0" encoding="UTF-8"?>
<!-- Generated by org.testng.reporters.JUnitReportReporter -->
<testsuite skipped="0" hostname="Prav_Admin_003" name="com.code.rajesh123.maven.Home.TC_001" tests="1" failures="0" timestamp="05 Jun 2018 07:26:14 GMT" time="0.015" errors="0">
  <testcase name="login" time="0.015" classname="com.code.rajesh123.maven.Home.TC_001"/>
</testsuite> <!-- com.code.rajesh123.maven.Home.TC_001 -->
