<?xml version="1.0" encoding="UTF-8"?>
<!-- Generated by org.testng.reporters.JUnitReportReporter -->
<testsuite skipped="1" hostname="Prav_Admin_003" name="com.code.rajesh123.maven.Home.TC_002" tests="2" failures="0" timestamp="06 Jun 2018 11:07:15 GMT" time="0.015" errors="0">
  <testcase name="raj" time="0.015" classname="com.code.rajesh123.maven.Home.TC_002"/>
  <testcase name="raj1" classname="com.code.rajesh123.maven.Home.TC_002">
    <skipped/>
  </testcase> <!-- raj1 -->
</testsuite> <!-- com.code.rajesh123.maven.Home.TC_002 -->
